2025-01-22T12:09:42.885Z - POST /users
2025-01-22T12:09:58.488Z - POST /users
2025-01-22T12:11:22.805Z - POST /users
2025-01-22T12:11:35.240Z - POST /users
2025-01-22T12:32:58.069Z - GET /users
2025-01-22T12:33:42.742Z - GET /users
2025-01-22T12:34:42.878Z - GET /users
2025-01-22T12:35:14.117Z - GET /users
2025-01-22T12:35:23.020Z - GET /users
2025-01-22T12:35:46.294Z - GET /users
2025-01-22T12:36:17.653Z - GET /users
2025-01-22T12:37:09.435Z - GET /users
2025-01-22T12:37:27.037Z - GET /users
2025-01-22T12:39:32.737Z - GET /users/6790d18a2a33106ebed1b1e3
2025-01-22T12:40:16.476Z - GET /users/6790d18a2a33106ebed1b1e3
2025-01-22T12:40:50.791Z - GET /users/6790d18a2a33106ebed1b1e3
2025-01-22T12:41:10.974Z - GET /users/6790d18a2a33106ebed1b1e3
2025-01-22T12:42:21.719Z - GET /users/6790d18a2a33106ebed1b1e3
2025-01-22T12:43:16.252Z - GET /users/6790d18a2a33106ebed1b1e3
2025-01-22T12:43:45.386Z - GET /users/6790d18a2a33106ebed1b1e3
2025-01-22T12:43:51.219Z - GET /users/6790d18a2a33106ebed1b1e3
2025-01-22T12:47:43.270Z - GET /users/6790d18a2a33106ebed1b1e3
2025-01-22T12:48:03.171Z - GET /users/6790d6cfe7654c4df9a695f7
2025-01-22T12:48:07.811Z - GET /users/6790d6cfe7654c4df9s695f7
2025-01-22T12:48:16.202Z - GET /users/6790d6cfe7654c4dfd695f7
2025-01-22T12:48:24.004Z - GET /users/6790d6cfe7654c4df9a695f9
2025-01-22T13:23:22.232Z - POST /users
2025-01-22T13:23:47.326Z - POST /users
2025-01-22T13:24:08.511Z - POST /users
2025-01-22T13:24:14.358Z - POST /users
2025-01-22T13:24:19.510Z - POST /users
2025-01-22T13:24:31.427Z - POST /users
2025-01-22T13:26:35.138Z - POST /users
2025-01-22T13:27:00.258Z - POST /users
2025-01-22T13:27:25.238Z - POST /users
2025-01-22T13:32:52.740Z - POST /users
2025-01-22T13:33:05.754Z - POST /users
2025-01-22T13:33:28.039Z - POST /users
2025-01-22T13:35:16.942Z - POST /users
2025-01-22T13:36:00.320Z - POST /users
2025-01-22T13:36:51.849Z - POST /users
2025-01-22T13:37:31.682Z - POST /users
2025-01-22T13:37:56.602Z - POST /users
2025-01-22T13:40:07.443Z - POST /users
2025-01-22T13:40:35.819Z - POST /users
2025-01-22T13:41:37.018Z - POST /users
2025-01-22T13:42:22.432Z - POST /users
2025-01-22T13:45:36.899Z - POST /users
2025-01-22T13:45:50.829Z - POST /users
2025-01-22T13:47:37.251Z - POST /users
2025-01-22T13:47:44.265Z - POST /users
2025-01-22T13:47:48.149Z - POST /users
2025-01-22T13:53:49.618Z - POST /users
2025-01-22T13:54:03.196Z - POST /users
2025-01-22T13:54:07.918Z - POST /users
2025-01-22T13:56:41.515Z - POST /users
2025-01-22T13:56:46.270Z - POST /users
2025-01-22T13:56:48.654Z - POST /users
2025-01-22T13:56:56.144Z - POST /users
2025-01-22T13:57:10.798Z - POST /users
2025-01-22T13:57:39.788Z - POST /users
2025-01-22T13:57:57.952Z - POST /users
2025-01-22T13:58:24.233Z - POST /users
2025-01-22T13:59:01.709Z - POST /users
2025-01-22T13:59:10.887Z - POST /users
2025-01-22T14:01:09.443Z - POST /users
2025-01-22T14:01:13.156Z - POST /users
2025-01-22T14:01:20.446Z - POST /users
2025-01-22T14:02:30.133Z - POST /users
2025-01-22T14:06:25.123Z - POST /users
2025-01-22T14:06:40.226Z - POST /users
2025-01-22T14:07:01.925Z - POST /users
2025-01-22T14:07:12.716Z - POST /users
2025-01-22T14:13:12.852Z - PUT /users/6790fb88103583b407074af2
2025-01-22T14:28:01.950Z - PUT /users/6790fb88103583b407074af2
2025-01-22T14:28:45.711Z - PUT /users/6790fb88103583b407074af2
2025-01-22T14:30:04.635Z - PUT /users/6790fb88103583b407074af2
2025-01-22T14:30:34.690Z - PUT /users/6790fb88103583b407074af2
2025-01-22T14:30:40.062Z - PUT /users/6790fb88103583b407074af2
2025-01-22T14:30:46.825Z - PUT /users/6790fb88103583b207074af2
2025-01-22T14:38:09.491Z - POST /users
2025-01-22T14:38:15.568Z - POST /users
2025-01-22T14:38:19.397Z - POST /users
2025-01-22T14:38:34.698Z - DELETE /users/679102d7da966b5def8ca717
2025-01-22T14:38:41.925Z - DELETE /users/679102d7da966b5def8ca717
2025-01-22T14:42:08.561Z - GET /users
2025-01-22T14:44:29.956Z - GET /users
2025-01-22T14:44:37.704Z - POST /users
2025-01-22T14:44:39.730Z - POST /users
2025-01-22T14:44:43.705Z - GET /users/6790d6cfe7654c4df9a695f9
2025-01-22T14:44:53.428Z - GET /users/6790fb88103583b407074af2
2025-01-22T14:44:57.743Z - GET /users/6790fb88103583b40707saf2
2025-01-22T14:45:10.489Z - PUT /users/6790fb88103583b407074af2
2025-01-22T14:45:20.847Z - PUT /users/6790fb88103583b407074af2
2025-01-22T14:45:27.324Z - PUT /users/6790fb88103583b400074af2
2025-01-22T14:45:33.529Z - DELETE /users/6790fb88103583b407074af2
2025-01-22T14:45:36.826Z - DELETE /users/6790fb88103583b407074af2
2025-01-22T14:46:53.247Z - POST /users
2025-01-22T14:46:55.947Z - POST /users
2025-01-22T14:47:00.537Z - POST /users
2025-01-22T14:47:02.685Z - POST /users
2025-01-22T15:35:02.420Z - POST /users
2025-01-22T15:35:02.988Z - GET /users
2025-01-22T15:35:03.044Z - GET /users/undefined
2025-01-22T15:35:03.050Z - PUT /users/undefined
2025-01-22T15:35:03.054Z - DELETE /users/undefined
2025-01-22T15:35:03.058Z - GET /users/5acab34b-bb79-46a7-af30-2856fc54e26c
2025-01-22T15:39:04.846Z - POST /users
2025-01-22T15:39:05.632Z - GET /users
2025-01-22T15:39:05.689Z - GET /users/undefined
2025-01-22T15:39:05.694Z - PUT /users/undefined
2025-01-22T15:39:05.699Z - DELETE /users/undefined
2025-01-22T15:39:05.703Z - GET /users/342c289b-e2e0-49a0-85c2-5f5ca6422fb8
2025-01-22T15:43:30.632Z - POST /users
2025-01-22T15:43:30.735Z - GET /users
2025-01-22T15:43:31.280Z - GET /users/undefined
2025-01-22T15:43:31.285Z - PUT /users/undefined
2025-01-22T15:43:31.290Z - DELETE /users/undefined
2025-01-22T15:43:31.295Z - GET /users/3096d13d-33dc-4e5e-bd9c-522fe1538570
2025-01-22T15:54:46.634Z - GET /users
2025-01-22T16:01:06.975Z - POST /users
2025-01-22T16:01:06.999Z - GET /users
2025-01-22T16:11:12.997Z - POST /users
2025-01-22T16:11:13.010Z - GET /users
2025-01-22T16:13:53.641Z - POST /users
2025-01-22T16:13:54.335Z - GET /users
2025-01-22T16:13:54.403Z - GET /users/undefined
2025-01-22T16:13:54.408Z - PUT /users/undefined
2025-01-22T16:13:54.414Z - DELETE /users/undefined
2025-01-22T16:13:54.420Z - GET /users/undefined
2025-01-22T16:14:38.880Z - POST /users
2025-01-22T16:14:38.894Z - GET /users
2025-01-22T16:14:38.899Z - GET /users/undefined
2025-01-22T16:14:38.903Z - PUT /users/undefined
2025-01-22T16:14:38.909Z - DELETE /users/undefined
2025-01-22T16:14:38.913Z - GET /users/undefined
2025-01-22T16:18:14.640Z - POST /users
2025-01-22T16:18:14.655Z - GET /users
2025-01-22T16:18:14.659Z - GET /users/undefined
2025-01-22T16:18:14.664Z - PUT /users/undefined
2025-01-22T16:18:14.668Z - DELETE /users/undefined
2025-01-22T16:18:14.672Z - GET /users/47f730a0-5ec7-43e3-8a1b-b4d396b67554
2025-01-22T16:18:35.242Z - POST /users
2025-01-22T16:18:36.040Z - GET /users
2025-01-22T16:18:36.093Z - GET /users/undefined
2025-01-22T16:18:36.098Z - PUT /users/undefined
2025-01-22T16:18:36.103Z - DELETE /users/undefined
2025-01-22T16:18:36.107Z - GET /users/b59b31c3-d8f9-48a7-9c25-3710c879e267
2025-01-22T16:19:17.185Z - POST /users
2025-01-22T16:19:17.707Z - GET /users
2025-01-22T16:19:17.766Z - GET /users/undefined
2025-01-22T16:19:17.771Z - PUT /users/undefined
2025-01-22T16:19:17.776Z - DELETE /users/undefined
2025-01-22T16:19:17.781Z - GET /users/15428003-3ee4-4cb3-8294-e0335f70feb9
2025-01-22T16:20:34.391Z - POST /users
2025-01-22T16:20:35.104Z - GET /users
2025-01-22T16:20:35.151Z - GET /users/undefined
2025-01-22T16:20:35.156Z - PUT /users/undefined
2025-01-22T16:20:35.160Z - DELETE /users/undefined
2025-01-22T16:20:35.166Z - GET /users/52f111c5-9c5f-47d3-be90-756b92e29573
2025-01-22T16:22:42.543Z - POST /users
2025-01-22T16:22:43.506Z - GET /users
2025-01-22T16:22:43.562Z - GET /users/undefined
2025-01-22T16:22:43.567Z - PUT /users/undefined
2025-01-22T16:22:43.572Z - DELETE /users/undefined
2025-01-22T16:22:43.578Z - GET /users/5c40823d-cd6a-4275-b03b-2bc4661408fd
2025-01-22T16:24:08.648Z - POST /users
2025-01-22T16:24:08.664Z - GET /users
2025-01-22T16:24:08.668Z - GET /users/undefined
2025-01-22T16:24:08.673Z - PUT /users/undefined
2025-01-22T16:24:08.678Z - DELETE /users/undefined
2025-01-22T16:24:08.683Z - GET /users/13ca12bd-e84c-4278-8103-8ad31a3cedcf
2025-01-22T16:26:39.341Z - POST /users
2025-01-22T16:26:40.078Z - GET /users
2025-01-22T16:26:40.137Z - GET /users/undefined
2025-01-22T16:26:40.143Z - PUT /users/undefined
2025-01-22T16:26:40.149Z - DELETE /users/undefined
2025-01-22T16:26:40.153Z - GET /users/b0c242ed-e164-47d1-bb15-ab977c8d23a0
2025-01-22T16:36:09.106Z - GET /users
2025-01-22T16:36:09.169Z - GET /users/1
2025-01-22T16:36:09.243Z - POST /users
2025-01-22T16:36:09.299Z - PUT /users/2
2025-01-22T16:36:09.352Z - DELETE /users/2
2025-01-22T16:36:57.824Z - GET /users
2025-01-22T16:36:57.834Z - GET /users/1
2025-01-22T16:36:57.856Z - POST /users
2025-01-22T16:36:57.862Z - PUT /users/2
2025-01-22T16:36:57.866Z - DELETE /users/2
2025-01-22T16:37:50.139Z - GET /users
2025-01-22T16:37:50.286Z - GET /users/1
2025-01-22T16:37:50.450Z - POST /users
2025-01-22T16:37:50.600Z - PUT /users/2
2025-01-22T16:37:50.744Z - DELETE /users/2
2025-01-22T16:40:09.139Z - GET /users
2025-01-22T16:40:09.381Z - GET /users/1
2025-01-22T16:40:09.623Z - POST /users
2025-01-22T16:40:09.851Z - PUT /users/2
2025-01-22T16:40:10.076Z - DELETE /users/2
2025-01-22T16:41:04.008Z - GET /users
2025-01-22T16:41:04.025Z - GET /users/1
2025-01-22T16:41:04.042Z - POST /users
2025-01-22T16:41:04.046Z - PUT /users/2
2025-01-22T16:41:04.050Z - DELETE /users/2
2025-01-22T16:41:24.798Z - GET /users
2025-01-22T16:41:24.875Z - GET /users/1
2025-01-22T16:41:24.933Z - POST /users
2025-01-22T16:41:24.985Z - PUT /users/2
2025-01-22T16:41:25.035Z - DELETE /users/2
2025-01-22T16:41:34.127Z - GET /users
2025-01-22T16:41:34.251Z - GET /users/1
2025-01-22T16:41:34.319Z - POST /users
2025-01-22T16:41:34.369Z - PUT /users/2
2025-01-22T16:41:34.429Z - DELETE /users/2
2025-01-22T16:42:38.754Z - GET /users
2025-01-22T16:42:38.822Z - GET /users/1
2025-01-22T16:42:38.888Z - POST /users
2025-01-22T16:42:38.948Z - PUT /users/2
2025-01-22T16:42:38.986Z - DELETE /users/2
2025-01-22T16:43:37.125Z - GET /users
2025-01-22T16:43:37.184Z - GET /users/1
2025-01-22T16:43:37.244Z - POST /users
2025-01-22T16:43:37.295Z - PUT /users/2
2025-01-22T16:43:37.344Z - DELETE /users/2
2025-01-22T16:43:46.428Z - GET /users
2025-01-22T16:43:46.484Z - GET /users/1
2025-01-22T16:43:46.545Z - POST /users
2025-01-22T16:43:46.594Z - PUT /users/2
2025-01-22T16:43:46.643Z - DELETE /users/2
2025-01-22T16:44:19.780Z - GET /users
2025-01-22T16:44:19.833Z - GET /users/1
2025-01-22T16:44:19.896Z - POST /users
2025-01-22T16:44:19.945Z - PUT /users/2
2025-01-22T16:44:19.995Z - DELETE /users/2
2025-01-22T16:45:07.017Z - GET /users
2025-01-22T16:45:07.073Z - GET /users/1
2025-01-22T16:45:07.138Z - POST /users
2025-01-22T16:45:07.185Z - PUT /users/2
2025-01-22T16:45:07.232Z - DELETE /users/2
2025-01-22T16:47:48.222Z - POST /users
2025-01-22T16:47:48.787Z - GET /users
2025-01-22T16:47:48.849Z - GET /users/undefined
2025-01-22T16:47:48.855Z - PUT /users/undefined
2025-01-22T16:47:48.859Z - DELETE /users/undefined
2025-01-22T16:47:48.863Z - GET /users/undefined
2025-01-22T16:49:29.575Z - POST /users
2025-01-22T16:49:30.306Z - GET /users
2025-01-22T16:49:30.367Z - GET /users/undefined
2025-01-22T16:49:30.374Z - PUT /users/undefined
2025-01-22T16:49:30.379Z - DELETE /users/undefined
2025-01-22T16:49:30.384Z - GET /users/undefined
2025-01-22T16:55:28.928Z - POST /users
2025-01-22T16:55:28.944Z - GET /users
2025-01-22T16:55:28.949Z - GET /users/undefined
2025-01-22T16:55:28.953Z - PUT /users/undefined
2025-01-22T16:55:28.957Z - DELETE /users/undefined
2025-01-22T16:55:28.961Z - GET /users/undefined
2025-01-22T16:55:43.409Z - POST /users
2025-01-22T16:55:44.126Z - GET /users
2025-01-22T16:55:44.181Z - GET /users/undefined
2025-01-22T16:55:44.186Z - PUT /users/undefined
2025-01-22T16:55:44.191Z - DELETE /users/undefined
2025-01-22T16:55:44.196Z - GET /users/undefined
2025-01-22T16:56:43.788Z - POST /users
2025-01-22T16:56:44.348Z - GET /users
2025-01-22T16:56:44.401Z - GET /users/undefined
2025-01-22T16:56:44.406Z - PUT /users/undefined
2025-01-22T16:56:44.411Z - DELETE /users/undefined
2025-01-22T16:56:44.417Z - GET /users/undefined
2025-01-22T16:58:37.311Z - POST /users
2025-01-22T16:58:37.327Z - GET /users
2025-01-22T16:58:37.331Z - GET /users/undefined
2025-01-22T16:58:37.336Z - PUT /users/undefined
2025-01-22T16:58:37.366Z - DELETE /users/undefined
2025-01-22T16:58:37.377Z - GET /users/undefined
2025-01-22T16:59:12.384Z - POST /users
2025-01-22T16:59:12.919Z - GET /users
2025-01-22T16:59:12.978Z - GET /users/undefined
2025-01-22T16:59:12.983Z - PUT /users/undefined
2025-01-22T16:59:12.988Z - DELETE /users/undefined
2025-01-22T16:59:12.993Z - GET /users/undefined
2025-01-22T16:59:49.181Z - POST /users
2025-01-22T16:59:49.924Z - GET /users
2025-01-22T16:59:49.978Z - GET /users/undefined
2025-01-22T16:59:49.983Z - PUT /users/undefined
2025-01-22T16:59:49.988Z - DELETE /users/undefined
2025-01-22T16:59:49.993Z - GET /users/undefined
2025-01-22T17:00:15.366Z - POST /users
2025-01-22T17:00:16.075Z - GET /users
2025-01-22T17:00:16.135Z - GET /users/undefined
2025-01-22T17:00:16.141Z - PUT /users/undefined
2025-01-22T17:00:16.146Z - DELETE /users/undefined
2025-01-22T17:00:16.150Z - GET /users/undefined
2025-01-22T17:01:08.624Z - POST /users
2025-01-22T17:01:09.132Z - GET /users
2025-01-22T17:01:09.197Z - GET /users/undefined
2025-01-22T17:01:09.204Z - PUT /users/undefined
2025-01-22T17:01:09.209Z - DELETE /users/undefined
2025-01-22T17:01:09.214Z - GET /users/undefined
2025-01-22T17:03:41.592Z - POST /users
2025-01-22T17:03:41.615Z - GET /users
2025-01-22T17:03:41.620Z - GET /users/undefined
2025-01-22T17:03:41.625Z - PUT /users/undefined
2025-01-22T17:03:41.628Z - DELETE /users/undefined
2025-01-22T17:03:41.633Z - GET /users/undefined
2025-01-22T17:04:26.826Z - POST /users
2025-01-22T17:04:26.865Z - GET /users
2025-01-22T17:04:27.405Z - GET /users/undefined
2025-01-22T17:04:27.410Z - PUT /users/undefined
2025-01-22T17:04:27.416Z - DELETE /users/undefined
2025-01-22T17:04:27.420Z - GET /users/undefined
2025-01-22T17:04:43.226Z - POST /users
2025-01-22T17:04:43.773Z - GET /users
2025-01-22T17:04:43.822Z - GET /users/undefined
2025-01-22T17:04:43.827Z - PUT /users/undefined
2025-01-22T17:04:43.834Z - DELETE /users/undefined
2025-01-22T17:04:43.839Z - GET /users/undefined
2025-01-22T17:06:44.208Z - POST /users
2025-01-22T17:06:44.721Z - GET /users
2025-01-22T17:06:44.772Z - GET /users/undefined
2025-01-22T17:06:44.778Z - PUT /users/undefined
2025-01-22T17:06:44.783Z - DELETE /users/undefined
2025-01-22T17:06:44.788Z - GET /users/undefined
2025-01-22T17:10:43.455Z - POST /users
2025-01-22T17:10:44.083Z - GET /users
2025-01-22T17:10:44.141Z - GET /users/undefined
2025-01-22T17:10:44.147Z - PUT /users/undefined
2025-01-22T17:10:44.151Z - DELETE /users/undefined
2025-01-22T17:10:44.157Z - GET /users/undefined
2025-01-22T17:15:59.646Z - POST /users
2025-01-22T17:15:59.734Z - GET /users
2025-01-22T17:15:59.784Z - GET /users/a91d7516-3af8-48c0-9f06-049dac6adb62
2025-01-22T17:15:59.797Z - PUT /users/a91d7516-3af8-48c0-9f06-049dac6adb62
2025-01-22T17:15:59.801Z - DELETE /users/a91d7516-3af8-48c0-9f06-049dac6adb62
2025-01-22T17:15:59.805Z - GET /users/a91d7516-3af8-48c0-9f06-049dac6adb62
2025-01-22T17:16:28.984Z - POST /users
2025-01-22T17:16:29.048Z - GET /users
2025-01-22T17:16:29.094Z - GET /users/9071ebe0-3a03-4a09-ab65-c2518864c4fd
2025-01-22T17:16:29.106Z - PUT /users/9071ebe0-3a03-4a09-ab65-c2518864c4fd
2025-01-22T17:16:29.110Z - DELETE /users/9071ebe0-3a03-4a09-ab65-c2518864c4fd
2025-01-22T17:16:29.114Z - GET /users/9071ebe0-3a03-4a09-ab65-c2518864c4fd
2025-01-22T17:17:00.538Z - POST /users
2025-01-22T17:17:00.636Z - GET /users
2025-01-22T17:17:00.696Z - GET /users/099f0633-efb7-4c16-a47d-8045c360b943
2025-01-22T17:17:00.708Z - PUT /users/099f0633-efb7-4c16-a47d-8045c360b943
2025-01-22T17:17:00.712Z - DELETE /users/099f0633-efb7-4c16-a47d-8045c360b943
2025-01-22T17:17:00.717Z - GET /users/099f0633-efb7-4c16-a47d-8045c360b943
2025-01-22T17:18:50.992Z - POST /users
2025-01-22T17:18:51.025Z - GET /users
2025-01-22T17:18:51.084Z - GET /users/undefined
2025-01-22T17:18:51.090Z - PUT /users/undefined
2025-01-22T17:18:51.095Z - DELETE /users/undefined
2025-01-22T17:18:51.099Z - GET /users/undefined
2025-01-22T17:19:23.051Z - POST /users
2025-01-22T17:19:23.068Z - GET /users
2025-01-22T17:19:23.072Z - GET /users/undefined
2025-01-22T17:19:23.078Z - PUT /users/undefined
2025-01-22T17:19:23.082Z - DELETE /users/undefined
2025-01-22T17:19:23.086Z - GET /users/undefined
2025-01-22T17:19:59.351Z - POST /users
2025-01-22T17:19:59.419Z - GET /users
2025-01-22T17:19:59.472Z - GET /users/cd58fe77-d1bb-4d50-94da-e8652946a9cc
2025-01-22T17:19:59.483Z - PUT /users/cd58fe77-d1bb-4d50-94da-e8652946a9cc
2025-01-22T17:19:59.487Z - DELETE /users/cd58fe77-d1bb-4d50-94da-e8652946a9cc
2025-01-22T17:19:59.492Z - GET /users/cd58fe77-d1bb-4d50-94da-e8652946a9cc
2025-01-22T17:20:34.570Z - GET /users
2025-01-22T17:20:39.261Z - GET /users
2025-01-22T17:20:43.462Z - POST /users
2025-01-22T17:21:32.681Z - POST /users
2025-01-22T17:22:01.532Z - GET /users
2025-01-22T17:22:02.668Z - GET /users
2025-01-22T17:22:28.161Z - GET /users
2025-01-22T17:22:42.250Z - GET /users
2025-01-22T17:22:46.410Z - POST /users
2025-01-22T17:23:43.086Z - POST /users
2025-01-22T17:23:43.789Z - GET /users
2025-01-22T17:23:43.840Z - GET /users/undefined
2025-01-22T17:23:43.846Z - PUT /users/undefined
2025-01-22T17:23:43.851Z - DELETE /users/undefined
2025-01-22T17:23:43.855Z - GET /users/undefined
2025-01-22T17:24:03.496Z - POST /users
2025-01-22T17:24:04.394Z - GET /users
2025-01-22T17:24:04.464Z - GET /users/undefined
2025-01-22T17:24:04.469Z - PUT /users/undefined
2025-01-22T17:24:04.474Z - DELETE /users/undefined
2025-01-22T17:24:04.479Z - GET /users/undefined
2025-01-22T17:24:48.687Z - POST /users
2025-01-22T17:24:49.193Z - GET /users
2025-01-22T17:24:49.249Z - GET /users/undefined
2025-01-22T17:24:49.256Z - PUT /users/undefined
2025-01-22T17:24:49.260Z - DELETE /users/undefined
2025-01-22T17:24:49.264Z - GET /users/undefined
2025-01-22T17:25:03.245Z - POST /users
2025-01-22T17:25:03.904Z - GET /users
2025-01-22T17:25:03.960Z - GET /users/undefined
2025-01-22T17:25:03.966Z - PUT /users/undefined
2025-01-22T17:25:03.970Z - DELETE /users/undefined
2025-01-22T17:25:03.975Z - GET /users/undefined
2025-01-22T17:25:16.660Z - POST /users
2025-01-22T17:25:17.634Z - GET /users
2025-01-22T17:25:17.692Z - GET /users/undefined
2025-01-22T17:25:17.699Z - PUT /users/undefined
2025-01-22T17:25:17.705Z - DELETE /users/undefined
2025-01-22T17:25:17.709Z - GET /users/undefined
2025-01-22T17:25:30.565Z - POST /users
2025-01-22T17:25:31.120Z - GET /users
2025-01-22T17:25:31.168Z - GET /users/undefined
2025-01-22T17:25:31.174Z - PUT /users/undefined
2025-01-22T17:25:31.178Z - DELETE /users/undefined
2025-01-22T17:25:31.183Z - GET /users/undefined
2025-01-22T17:25:39.710Z - POST /users
2025-01-22T17:25:40.241Z - GET /users
2025-01-22T17:25:40.298Z - GET /users/undefined
2025-01-22T17:25:40.303Z - PUT /users/undefined
2025-01-22T17:25:40.308Z - DELETE /users/undefined
2025-01-22T17:25:40.312Z - GET /users/undefined
2025-01-22T17:25:57.456Z - POST /users
2025-01-22T17:25:57.495Z - GET /users
2025-01-22T17:25:58.190Z - GET /users/undefined
2025-01-22T17:25:58.195Z - PUT /users/undefined
2025-01-22T17:25:58.201Z - DELETE /users/undefined
2025-01-22T17:25:58.208Z - GET /users/undefined
2025-01-22T17:26:40.089Z - POST /users
2025-01-22T17:26:40.136Z - GET /users
2025-01-22T17:26:40.678Z - GET /users/undefined
2025-01-22T17:26:40.684Z - PUT /users/undefined
2025-01-22T17:26:40.688Z - DELETE /users/undefined
2025-01-22T17:26:40.693Z - GET /users/undefined
2025-01-22T17:29:34.481Z - POST /users
2025-01-22T17:29:37.758Z - POST /users
2025-01-22T17:29:48.318Z - POST /users
2025-01-22T17:29:48.924Z - GET /users
2025-01-22T17:29:48.978Z - GET /users/undefined
2025-01-22T17:29:48.983Z - PUT /users/undefined
2025-01-22T17:29:48.987Z - DELETE /users/undefined
2025-01-22T17:29:48.992Z - GET /users/undefined
2025-01-22T17:30:14.888Z - POST /users
2025-01-22T17:30:14.904Z - GET /users
2025-01-22T17:30:14.909Z - GET /users/undefined
2025-01-22T17:30:14.913Z - PUT /users/undefined
2025-01-22T17:30:14.917Z - DELETE /users/undefined
2025-01-22T17:30:14.922Z - GET /users/undefined
2025-01-22T17:34:20.543Z - POST /users
2025-01-22T17:34:20.582Z - GET /users
2025-01-22T17:34:21.041Z - GET /users/undefined
2025-01-22T17:34:21.046Z - PUT /users/undefined
2025-01-22T17:34:21.054Z - DELETE /users/undefined
2025-01-22T17:34:21.058Z - GET /users/undefined
2025-01-22T17:35:23.886Z - GET /users
2025-01-22T17:35:24.107Z - GET /users/1
2025-01-22T17:35:24.391Z - POST /users
2025-01-22T17:35:24.804Z - PUT /users/2
2025-01-22T17:35:24.902Z - DELETE /users/2
2025-01-22T17:36:04.197Z - GET /users
2025-01-22T17:36:04.215Z - GET /users/1
2025-01-22T17:36:04.234Z - POST /users
2025-01-22T17:36:04.238Z - PUT /users/2
2025-01-22T17:36:04.242Z - DELETE /users/2
2025-01-22T17:36:16.741Z - GET /users
2025-01-22T17:36:16.760Z - GET /users/1
2025-01-22T17:36:16.776Z - POST /users
2025-01-22T17:36:16.781Z - PUT /users/2
2025-01-22T17:36:16.784Z - DELETE /users/2
2025-01-22T17:36:34.487Z - GET /users
2025-01-22T17:36:34.545Z - GET /users/1
2025-01-22T17:36:34.623Z - POST /users
2025-01-22T17:36:34.685Z - PUT /users/2
2025-01-22T17:36:34.738Z - DELETE /users/2
2025-01-22T17:37:08.531Z - POST /users
2025-01-22T17:37:09.123Z - GET /users
2025-01-22T17:37:09.173Z - GET /users/undefined
2025-01-22T17:37:09.178Z - PUT /users/undefined
2025-01-22T17:37:09.182Z - DELETE /users/undefined
2025-01-22T17:37:09.188Z - GET /users/undefined
2025-01-22T17:38:48.844Z - POST /users
2025-01-22T17:39:40.833Z - POST /users
2025-01-22T17:39:44.564Z - POST /users
2025-01-22T17:39:56.777Z - POST /users
2025-01-22T17:39:57.335Z - GET /users
2025-01-22T17:39:57.395Z - GET /users/undefined
2025-01-22T17:39:57.402Z - PUT /users/undefined
2025-01-22T17:39:57.410Z - DELETE /users/undefined
2025-01-22T17:39:57.417Z - GET /users/undefined
2025-01-22T17:40:07.000Z - POST /users
2025-01-22T17:40:07.018Z - GET /users
2025-01-22T17:40:07.023Z - GET /users/undefined
2025-01-22T17:40:07.027Z - PUT /users/undefined
2025-01-22T17:40:07.031Z - DELETE /users/undefined
2025-01-22T17:40:07.035Z - GET /users/undefined
2025-01-22T17:40:29.331Z - POST /users
2025-01-22T17:40:30.548Z - GET /users
2025-01-22T17:40:30.720Z - GET /users/3252bcdd-8cba-4de3-9310-e4a30153b81d
2025-01-22T17:40:30.733Z - PUT /users/3252bcdd-8cba-4de3-9310-e4a30153b81d
2025-01-22T17:40:30.739Z - DELETE /users/3252bcdd-8cba-4de3-9310-e4a30153b81d
2025-01-22T17:40:30.744Z - GET /users/3252bcdd-8cba-4de3-9310-e4a30153b81d
2025-01-22T17:40:47.811Z - POST /users
2025-01-22T17:40:47.827Z - GET /users
2025-01-22T17:40:47.832Z - GET /users/undefined
2025-01-22T17:40:47.836Z - PUT /users/undefined
2025-01-22T17:40:47.840Z - DELETE /users/undefined
2025-01-22T17:40:47.844Z - GET /users/undefined
2025-01-22T17:40:59.132Z - POST /users
2025-01-22T17:40:59.707Z - GET /users
2025-01-22T17:40:59.760Z - GET /users/54a8b7c3-9df7-41ae-8607-8dbeb741b385
2025-01-22T17:40:59.772Z - PUT /users/54a8b7c3-9df7-41ae-8607-8dbeb741b385
2025-01-22T17:40:59.776Z - DELETE /users/54a8b7c3-9df7-41ae-8607-8dbeb741b385
2025-01-22T17:40:59.781Z - GET /users/54a8b7c3-9df7-41ae-8607-8dbeb741b385
2025-01-22T17:41:09.888Z - POST /users
2025-01-22T17:41:10.934Z - GET /users
2025-01-22T17:41:10.989Z - GET /users/e386582d-f65a-4dc3-a4d6-413a12df832b
2025-01-22T17:41:11.005Z - PUT /users/e386582d-f65a-4dc3-a4d6-413a12df832b
2025-01-22T17:41:11.012Z - DELETE /users/e386582d-f65a-4dc3-a4d6-413a12df832b
2025-01-22T17:41:11.018Z - GET /users/e386582d-f65a-4dc3-a4d6-413a12df832b
2025-01-22T17:41:57.353Z - GET /users/6790fb88103583b40707saf2
2025-01-22T17:42:42.252Z - GET /users/6790fb88103583b40707saf2
2025-01-22T17:42:52.520Z - POST /users
2025-01-22T17:43:02.992Z - GET /users/67912e1df20b8e32bbc0f4e7
2025-01-22T17:45:17.746Z - GET /users/67912e1df20b8e32bbc0f4e7
2025-01-22T17:45:28.492Z - GET /users/61bfcf9c-e931-4595-898c-bf6b400e4be2
2025-01-22T17:45:51.775Z - POST /users
2025-01-22T17:45:51.791Z - GET /users
2025-01-22T17:45:51.795Z - GET /users/undefined
2025-01-22T17:45:51.801Z - PUT /users/undefined
2025-01-22T17:45:51.805Z - DELETE /users/undefined
2025-01-22T17:45:51.809Z - GET /users/undefined
2025-01-22T17:46:01.155Z - POST /users
2025-01-22T17:46:02.031Z - GET /users
2025-01-22T17:46:02.084Z - GET /users/85579fe5-e06b-40ff-ad5e-59f6c763a779
2025-01-22T17:46:02.135Z - PUT /users/85579fe5-e06b-40ff-ad5e-59f6c763a779
2025-01-22T17:46:02.149Z - DELETE /users/85579fe5-e06b-40ff-ad5e-59f6c763a779
2025-01-22T17:46:02.153Z - GET /users/85579fe5-e06b-40ff-ad5e-59f6c763a779
2025-01-22T17:46:59.091Z - POST /users
2025-01-22T17:47:00.038Z - GET /users
2025-01-22T17:47:00.095Z - GET /users/8018e3ac-10f9-4d64-8e39-ceee37e78301
2025-01-22T17:47:00.149Z - PUT /users/8018e3ac-10f9-4d64-8e39-ceee37e78301
2025-01-22T17:47:00.209Z - DELETE /users/8018e3ac-10f9-4d64-8e39-ceee37e78301
2025-01-22T17:47:00.214Z - GET /users/8018e3ac-10f9-4d64-8e39-ceee37e78301
2025-01-22T17:47:35.682Z - POST /users
2025-01-22T17:47:35.722Z - GET /users
2025-01-22T17:47:36.240Z - GET /users/undefined
2025-01-22T17:47:36.293Z - PUT /users/undefined
2025-01-22T17:47:36.331Z - DELETE /users/undefined
2025-01-22T17:47:36.337Z - GET /users/undefined
2025-01-22T17:47:51.701Z - POST /users
2025-01-22T17:47:51.717Z - GET /users
2025-01-22T17:47:51.722Z - GET /users/undefined
2025-01-22T17:47:51.726Z - PUT /users/undefined
2025-01-22T17:47:51.731Z - DELETE /users/undefined
2025-01-22T17:47:51.736Z - GET /users/undefined
2025-01-22T17:48:06.191Z - POST /users
2025-01-22T17:48:06.210Z - GET /users
2025-01-22T17:48:06.216Z - GET /users/undefined
2025-01-22T17:48:06.221Z - PUT /users/undefined
2025-01-22T17:48:06.226Z - DELETE /users/undefined
2025-01-22T17:48:06.232Z - GET /users/undefined
2025-01-22T17:48:22.253Z - POST /users
2025-01-22T17:48:22.267Z - GET /users
2025-01-22T17:48:22.272Z - GET /users/undefined
2025-01-22T17:48:22.277Z - PUT /users/undefined
2025-01-22T17:48:22.281Z - DELETE /users/undefined
2025-01-22T17:48:22.285Z - GET /users/undefined
2025-01-22T17:49:11.673Z - POST /users
2025-01-22T17:49:11.687Z - GET /users
2025-01-22T17:49:11.692Z - GET /users/undefined
2025-01-22T17:49:11.696Z - PUT /users/undefined
2025-01-22T17:49:11.700Z - DELETE /users/undefined
2025-01-22T17:49:11.704Z - GET /users/undefined
2025-01-22T17:49:34.288Z - POST /users
2025-01-22T17:49:34.303Z - GET /users
2025-01-22T17:49:34.308Z - GET /users/undefined
2025-01-22T17:49:34.313Z - PUT /users/undefined
2025-01-22T17:49:34.317Z - DELETE /users/undefined
2025-01-22T17:49:34.321Z - GET /users/undefined
2025-01-22T17:49:42.000Z - POST /users
2025-01-22T17:49:42.016Z - GET /users
2025-01-22T17:49:42.023Z - GET /users/undefined
2025-01-22T17:49:42.031Z - PUT /users/undefined
2025-01-22T17:49:42.040Z - DELETE /users/undefined
2025-01-22T17:49:42.045Z - GET /users/undefined
2025-01-22T17:50:30.362Z - POST /users
2025-01-22T17:50:31.864Z - GET /users
2025-01-22T17:50:32.082Z - GET /users/95cfe97d-94fb-467c-b0a1-e9e4e1875962
2025-01-22T17:50:32.305Z - PUT /users/95cfe97d-94fb-467c-b0a1-e9e4e1875962
2025-01-22T17:50:32.325Z - DELETE /users/95cfe97d-94fb-467c-b0a1-e9e4e1875962
2025-01-22T17:50:32.332Z - GET /users/95cfe97d-94fb-467c-b0a1-e9e4e1875962
2025-01-22T17:51:17.211Z - POST /users
2025-01-22T17:51:17.798Z - GET /users
2025-01-22T17:51:17.867Z - GET /users/debc6c5c-2a09-4ad4-bea5-fc4417fa263f
2025-01-22T17:51:17.932Z - PUT /users/debc6c5c-2a09-4ad4-bea5-fc4417fa263f
2025-01-22T17:51:17.944Z - DELETE /users/debc6c5c-2a09-4ad4-bea5-fc4417fa263f
2025-01-22T17:51:17.948Z - GET /users/debc6c5c-2a09-4ad4-bea5-fc4417fa263f
2025-01-22T17:53:51.321Z - POST /users
2025-01-22T17:53:52.295Z - GET /users
2025-01-22T17:53:52.349Z - GET /users/f20534e8-87ed-4a54-a9d5-c204b8217a53
2025-01-22T17:53:52.400Z - PUT /users/f20534e8-87ed-4a54-a9d5-c204b8217a53
2025-01-22T17:53:52.415Z - DELETE /users/f20534e8-87ed-4a54-a9d5-c204b8217a53
2025-01-22T17:53:52.420Z - GET /users/f20534e8-87ed-4a54-a9d5-c204b8217a53
2025-01-22T17:54:51.161Z - POST /users
2025-01-22T17:55:02.176Z - GET /users/23bc9d88-7233-4952-adf2-27e3fcf22370
2025-01-22T17:55:07.081Z - GET /users/23bc9d88-7233-4952-adf2-27edfcf22370
2025-01-22T17:55:20.920Z - PUT /users/23bc9d88-7233-4952-adf2-27e3fcf22370
2025-01-22T17:55:57.058Z - POST /users
2025-01-22T17:55:57.073Z - GET /users
2025-01-22T17:55:57.099Z - GET /users/undefined
2025-01-22T17:55:58.110Z - PUT /users/undefined
2025-01-22T17:55:58.185Z - DELETE /users/undefined
2025-01-22T17:55:58.190Z - GET /users/undefined
2025-01-22T17:56:05.798Z - POST /users
2025-01-22T17:56:06.326Z - GET /users
2025-01-22T17:56:06.387Z - GET /users/b8926702-970e-455d-a730-3def1ea9b443
2025-01-22T17:56:06.437Z - PUT /users/b8926702-970e-455d-a730-3def1ea9b443
2025-01-22T17:56:06.495Z - DELETE /users/b8926702-970e-455d-a730-3def1ea9b443
2025-01-22T17:56:06.499Z - GET /users/b8926702-970e-455d-a730-3def1ea9b443
2025-01-22T17:57:25.383Z - PUT /users/23bc9d88-7233-4952-adf2-27e3fcf22370
2025-01-22T17:57:32.347Z - POST /users
2025-01-22T17:57:48.878Z - GET /users/d237dfe1-f8fe-4621-ae7f-ac6a20b1149
2025-01-22T17:57:55.172Z - GET /users/d237dfe1-f8fe-4621-ae7f-ac6a20b11490
2025-01-22T17:58:11.027Z - PUT /users/d237dfe1-f8fe-4621-ae7f-ac6a20b11490
2025-01-22T17:58:45.833Z - PUT /users/d237dfe1-f8fe-4621-ae7f-ac6a20b11490
2025-01-22T18:00:01.645Z - PUT /users/d237dfe1-f8fe-4621-ae7f-ac6a20b11490
2025-01-22T18:00:19.622Z - PUT /users/d237dfe1-f8fe-4621-ae7f-ac6a20b11490
2025-01-22T18:00:41.872Z - PUT /users/d237dfe1-f8fe-4621-ae7f-ac6a20b11490
2025-01-22T18:00:54.242Z - PUT /users/d237dfe1-f8fe-4621-ae7f-ac6a20b11490
2025-01-22T18:00:59.247Z - PUT /users/d237dfe1-f8fe-4621-ae7f-ac6a20b11490
2025-01-22T18:01:10.849Z - PUT /users/d237dfe1-f8fe-4621-ae7f-ac6a20b11490
2025-01-22T18:01:20.693Z - POST /users
2025-01-22T18:01:21.244Z - GET /users
2025-01-22T18:01:21.293Z - GET /users/c20d702a-2e67-49c4-8dd9-3e6ddc862eec
2025-01-22T18:01:21.343Z - PUT /users/c20d702a-2e67-49c4-8dd9-3e6ddc862eec
2025-01-22T18:01:21.393Z - DELETE /users/c20d702a-2e67-49c4-8dd9-3e6ddc862eec
2025-01-22T18:01:21.406Z - GET /users/c20d702a-2e67-49c4-8dd9-3e6ddc862eec
2025-01-22T18:03:55.296Z - POST /users
2025-01-22T18:03:56.238Z - GET /users
2025-01-22T18:03:56.467Z - GET /users/c2a107bf-caab-4b3e-8042-55f259786f5a
2025-01-22T18:03:56.534Z - PUT /users/c2a107bf-caab-4b3e-8042-55f259786f5a
2025-01-22T18:03:56.597Z - DELETE /users/c2a107bf-caab-4b3e-8042-55f259786f5a
2025-01-22T18:03:56.735Z - GET /users/c2a107bf-caab-4b3e-8042-55f259786f5a
2025-01-22T18:04:55.432Z - POST /users
2025-01-22T18:04:55.449Z - GET /users
2025-01-22T18:04:55.453Z - GET /users/undefined
2025-01-22T18:04:55.459Z - PUT /users/undefined
2025-01-22T18:04:55.463Z - DELETE /users/undefined
2025-01-22T18:04:55.466Z - GET /users/undefined
2025-01-22T18:05:03.864Z - POST /users
2025-01-22T18:05:03.889Z - GET /users
2025-01-22T18:05:03.894Z - GET /users/undefined
2025-01-22T18:05:03.899Z - PUT /users/undefined
2025-01-22T18:05:03.903Z - DELETE /users/undefined
2025-01-22T18:05:03.907Z - GET /users/undefined
2025-01-22T18:05:19.030Z - POST /users
2025-01-22T18:05:19.046Z - GET /users
2025-01-22T18:05:19.050Z - GET /users/undefined
2025-01-22T18:05:19.055Z - PUT /users/undefined
2025-01-22T18:05:19.081Z - DELETE /users/undefined
2025-01-22T18:05:19.814Z - GET /users/undefined
2025-01-22T18:05:39.630Z - POST /users
2025-01-22T18:05:39.647Z - GET /users
2025-01-22T18:05:39.651Z - GET /users/undefined
2025-01-22T18:05:39.656Z - PUT /users/undefined
2025-01-22T18:05:39.660Z - DELETE /users/undefined
2025-01-22T18:05:39.664Z - GET /users/undefined
2025-01-22T18:06:19.830Z - POST /users
2025-01-22T18:06:20.862Z - GET /users
2025-01-22T18:06:20.922Z - GET /users/4c17bf43-8698-462e-a5e1-505d028a33eb
2025-01-22T18:06:20.972Z - PUT /users/4c17bf43-8698-462e-a5e1-505d028a33eb
2025-01-22T18:06:21.041Z - DELETE /users/4c17bf43-8698-462e-a5e1-505d028a33eb
2025-01-22T18:06:21.097Z - GET /users/4c17bf43-8698-462e-a5e1-505d028a33eb
2025-01-22T18:08:07.686Z - POST /users
2025-01-22T18:08:08.319Z - GET /users
2025-01-22T18:08:08.373Z - GET /users/26664d3c-bce3-44a6-90fe-4901d667b30d
2025-01-22T18:08:08.421Z - PUT /users/26664d3c-bce3-44a6-90fe-4901d667b30d
2025-01-22T18:08:08.471Z - DELETE /users/26664d3c-bce3-44a6-90fe-4901d667b30d
2025-01-22T18:08:08.519Z - GET /users/26664d3c-bce3-44a6-90fe-4901d667b30d
2025-01-22T18:12:03.632Z - POST /users
2025-01-22T18:12:05.317Z - GET /users
2025-01-22T18:12:05.527Z - GET /users/a2ffc06b-d094-4674-a0c1-276040cc33ba
2025-01-22T18:12:05.585Z - PUT /users/a2ffc06b-d094-4674-a0c1-276040cc33ba
2025-01-22T18:12:05.943Z - DELETE /users/a2ffc06b-d094-4674-a0c1-276040cc33ba
2025-01-22T18:12:06.046Z - GET /users/a2ffc06b-d094-4674-a0c1-276040cc33ba
2025-01-22T18:12:51.452Z - POST /users
2025-01-22T18:12:53.331Z - GET /users
2025-01-22T18:12:53.380Z - GET /users/823b762f-8486-431d-a26e-0bd11d4ad839
2025-01-22T18:12:53.450Z - PUT /users/823b762f-8486-431d-a26e-0bd11d4ad839
2025-01-22T18:12:53.558Z - DELETE /users/823b762f-8486-431d-a26e-0bd11d4ad839
2025-01-22T18:12:53.676Z - GET /users/823b762f-8486-431d-a26e-0bd11d4ad839
2025-01-22T18:13:56.781Z - POST /users
2025-01-22T18:13:58.380Z - GET /users
2025-01-22T18:13:58.479Z - GET /users/367c1377-a151-483b-a233-7f37b739e8e7
2025-01-22T18:13:58.687Z - PUT /users/367c1377-a151-483b-a233-7f37b739e8e7
2025-01-22T18:13:58.782Z - DELETE /users/367c1377-a151-483b-a233-7f37b739e8e7
2025-01-22T18:13:58.844Z - GET /users/367c1377-a151-483b-a233-7f37b739e8e7
2025-01-22T18:14:08.599Z - GET /test
2025-01-22T18:14:10.561Z - POST /users
2025-01-22T18:14:10.576Z - GET /users
2025-01-22T18:14:10.580Z - GET /users/undefined
2025-01-22T18:14:10.585Z - PUT /users/undefined
2025-01-22T18:14:10.588Z - DELETE /users/undefined
2025-01-22T18:14:10.592Z - GET /users/undefined
2025-01-22T18:14:17.488Z - GET /test
2025-01-22T18:14:19.164Z - POST /users
2025-01-22T18:14:20.400Z - GET /users
2025-01-22T18:14:20.601Z - GET /users/8442f478-d840-4349-bb3e-a14282636327
2025-01-22T18:14:20.803Z - PUT /users/8442f478-d840-4349-bb3e-a14282636327
2025-01-22T18:14:20.874Z - DELETE /users/8442f478-d840-4349-bb3e-a14282636327
2025-01-22T18:14:21.120Z - GET /users/8442f478-d840-4349-bb3e-a14282636327
2025-01-22T18:15:22.573Z - POST /users
2025-01-22T18:15:22.591Z - GET /users
2025-01-22T18:15:22.596Z - GET /users/undefined
2025-01-22T18:15:22.602Z - PUT /users/undefined
2025-01-22T18:15:22.607Z - DELETE /users/undefined
2025-01-22T18:15:22.611Z - GET /users/undefined
2025-01-22T18:15:31.784Z - POST /users
2025-01-22T18:15:31.802Z - GET /users
2025-01-22T18:15:31.809Z - GET /users/undefined
2025-01-22T18:15:31.818Z - PUT /users/undefined
2025-01-22T18:15:31.822Z - DELETE /users/undefined
2025-01-22T18:15:31.826Z - GET /users/undefined
2025-01-22T18:16:04.478Z - POST /users
2025-01-22T18:16:06.188Z - GET /users
2025-01-22T18:16:06.282Z - GET /users/57ba82fb-8bd1-429c-a98d-af086acdce59
2025-01-22T18:16:06.378Z - PUT /users/57ba82fb-8bd1-429c-a98d-af086acdce59
2025-01-22T18:16:06.485Z - DELETE /users/57ba82fb-8bd1-429c-a98d-af086acdce59
2025-01-22T18:16:06.690Z - GET /users/57ba82fb-8bd1-429c-a98d-af086acdce59
2025-01-22T18:19:56.412Z - POST /users
2025-01-22T18:19:56.433Z - GET /users
2025-01-22T18:19:56.451Z - GET /users/undefined
2025-01-22T18:19:57.909Z - PUT /users/undefined
2025-01-22T18:19:58.011Z - DELETE /users/undefined
2025-01-22T18:19:58.116Z - GET /users/undefined
2025-01-22T18:20:55.271Z - POST /users
2025-01-22T18:20:55.290Z - GET /users
2025-01-22T18:20:55.295Z - GET /users/undefined
2025-01-22T18:20:55.300Z - PUT /users/undefined
2025-01-22T18:20:55.305Z - DELETE /users/undefined
2025-01-22T18:20:55.310Z - GET /users/undefined
2025-01-22T18:21:11.619Z - POST /users
2025-01-22T18:21:12.945Z - GET /users
2025-01-22T18:21:13.069Z - GET /users/9bf115fa-4581-4588-b8e8-d5613aae7c55
2025-01-22T18:21:13.176Z - PUT /users/9bf115fa-4581-4588-b8e8-d5613aae7c55
2025-01-22T18:21:13.277Z - DELETE /users/9bf115fa-4581-4588-b8e8-d5613aae7c55
2025-01-22T18:21:13.380Z - GET /users/9bf115fa-4581-4588-b8e8-d5613aae7c55
2025-01-22T18:22:19.269Z - POST /users
2025-01-22T18:22:20.357Z - GET /users
2025-01-22T18:22:20.436Z - GET /users
2025-01-22T18:22:20.669Z - GET /users/6ba8d2ee-a089-458f-bca5-221c278cc9de
2025-01-22T18:22:20.725Z - PUT /users/6ba8d2ee-a089-458f-bca5-221c278cc9de
2025-01-22T18:22:20.772Z - DELETE /users/6ba8d2ee-a089-458f-bca5-221c278cc9de
2025-01-22T18:22:20.861Z - GET /users/6ba8d2ee-a089-458f-bca5-221c278cc9de
2025-01-22T18:22:56.059Z - POST /users
2025-01-22T18:22:56.074Z - GET /users
2025-01-22T18:22:56.078Z - GET /users
2025-01-22T18:22:56.082Z - GET /users/undefined
2025-01-22T18:22:56.087Z - PUT /users/undefined
2025-01-22T18:22:56.091Z - DELETE /users/undefined
2025-01-22T18:22:56.095Z - GET /users/undefined
2025-01-22T18:23:20.904Z - POST /users
2025-01-22T18:23:23.128Z - GET /users
2025-01-22T18:23:23.221Z - GET /users
2025-01-22T18:23:23.335Z - GET /users/c7a2dc31-9bf1-4560-8725-3d61396320a0
2025-01-22T18:23:23.428Z - PUT /users/c7a2dc31-9bf1-4560-8725-3d61396320a0
2025-01-22T18:23:23.531Z - DELETE /users/c7a2dc31-9bf1-4560-8725-3d61396320a0
2025-01-22T18:23:23.629Z - GET /users/c7a2dc31-9bf1-4560-8725-3d61396320a0
2025-01-22T18:24:07.810Z - POST /users
2025-01-22T18:24:09.302Z - GET /users
2025-01-22T18:24:09.376Z - GET /users/92ec6cfd-e247-4c8d-8234-6a207d0ffe44
2025-01-22T18:24:09.460Z - PUT /users/92ec6cfd-e247-4c8d-8234-6a207d0ffe44
2025-01-22T18:24:09.590Z - DELETE /users/92ec6cfd-e247-4c8d-8234-6a207d0ffe44
2025-01-22T18:24:09.716Z - GET /users/92ec6cfd-e247-4c8d-8234-6a207d0ffe44
2025-01-22T18:25:20.704Z - POST /users
2025-01-22T18:25:20.721Z - GET /users
2025-01-22T18:25:20.729Z - GET /users/undefined
2025-01-22T18:25:20.733Z - PUT /users/undefined
2025-01-22T18:25:20.737Z - DELETE /users/undefined
2025-01-22T18:25:20.741Z - GET /users/undefined
2025-01-22T18:25:41.646Z - POST /users
2025-01-22T18:25:42.914Z - GET /users
2025-01-22T18:25:43.010Z - GET /users/8f294a2c-110c-47a7-b10e-0caffc9928b8
2025-01-22T18:25:43.085Z - PUT /users/8f294a2c-110c-47a7-b10e-0caffc9928b8
2025-01-22T18:25:43.177Z - DELETE /users/8f294a2c-110c-47a7-b10e-0caffc9928b8
2025-01-22T18:25:43.313Z - GET /users/8f294a2c-110c-47a7-b10e-0caffc9928b8
2025-01-22T18:26:37.103Z - POST /users
2025-01-22T18:26:38.028Z - GET /users
2025-01-22T18:26:38.108Z - GET /users/a4f60e1a-391a-4684-af7d-f4d6b8c9bb82
2025-01-22T18:26:38.188Z - PUT /users/a4f60e1a-391a-4684-af7d-f4d6b8c9bb82
2025-01-22T18:26:38.298Z - DELETE /users/a4f60e1a-391a-4684-af7d-f4d6b8c9bb82
2025-01-22T18:26:38.363Z - GET /users/a4f60e1a-391a-4684-af7d-f4d6b8c9bb82
2025-01-22T18:32:05.140Z - POST /users
2025-01-22T18:32:06.376Z - GET /users
2025-01-22T18:32:06.439Z - GET /users/882b3e9d-9ba5-450a-8bdc-e6650daefba2
2025-01-22T18:32:06.598Z - PUT /users/882b3e9d-9ba5-450a-8bdc-e6650daefba2
2025-01-22T18:32:06.699Z - DELETE /users/882b3e9d-9ba5-450a-8bdc-e6650daefba2
2025-01-22T18:32:06.803Z - GET /users/882b3e9d-9ba5-450a-8bdc-e6650daefba2
2025-01-22T18:32:06.961Z - GET /users
2025-01-22T18:33:08.135Z - POST /users
2025-01-22T18:33:09.168Z - GET /users
2025-01-22T18:33:09.358Z - GET /users/b86f9e3f-af36-42e5-87ed-a614c8e0dcc7
2025-01-22T18:33:09.464Z - PUT /users/b86f9e3f-af36-42e5-87ed-a614c8e0dcc7
2025-01-22T18:33:09.568Z - DELETE /users/b86f9e3f-af36-42e5-87ed-a614c8e0dcc7
2025-01-22T18:33:09.669Z - GET /users/b86f9e3f-af36-42e5-87ed-a614c8e0dcc7
2025-01-22T18:33:09.822Z - GET /users
2025-01-22T18:34:13.989Z - POST /users
2025-01-22T18:34:14.005Z - GET /users
2025-01-22T18:34:14.011Z - GET /users/undefined
2025-01-22T18:34:14.015Z - PUT /users/undefined
2025-01-22T18:34:14.019Z - DELETE /users/undefined
2025-01-22T18:34:14.022Z - GET /users/undefined
2025-01-22T18:34:14.030Z - GET /users
2025-01-22T18:34:31.482Z - POST /users
2025-01-22T18:34:31.497Z - GET /users
2025-01-22T18:34:31.504Z - GET /users/undefined
2025-01-22T18:34:31.509Z - PUT /users/undefined
2025-01-22T18:34:31.514Z - DELETE /users/undefined
2025-01-22T18:34:31.518Z - GET /users/undefined
2025-01-22T18:34:31.524Z - GET /users
2025-01-22T18:35:29.364Z - POST /users
2025-01-22T18:35:29.382Z - GET /users
2025-01-22T18:35:29.392Z - GET /users/undefined
2025-01-22T18:35:29.416Z - PUT /users/undefined
2025-01-22T18:35:31.918Z - DELETE /users/undefined
2025-01-22T18:35:32.214Z - GET /users/undefined
2025-01-22T18:35:32.426Z - GET /users
2025-01-22T18:35:45.994Z - POST /users
2025-01-22T18:35:46.010Z - GET /users
2025-01-22T18:35:46.016Z - GET /users/undefined
2025-01-22T18:35:46.020Z - PUT /users/undefined
2025-01-22T18:35:46.025Z - DELETE /users/undefined
2025-01-22T18:35:46.030Z - GET /users/undefined
2025-01-22T18:35:46.034Z - GET /users
2025-01-22T18:36:42.457Z - POST /users
2025-01-22T18:36:43.553Z - GET /users
2025-01-22T18:36:43.600Z - GET /users/c0d7eb20-4cf7-4bac-a88f-44198bf3ea48
2025-01-22T18:36:43.653Z - PUT /users/c0d7eb20-4cf7-4bac-a88f-44198bf3ea48
2025-01-22T18:36:43.710Z - DELETE /users/c0d7eb20-4cf7-4bac-a88f-44198bf3ea48
2025-01-22T18:36:43.762Z - GET /users/c0d7eb20-4cf7-4bac-a88f-44198bf3ea48
2025-01-22T18:36:43.821Z - GET /users
2025-01-22T18:38:05.333Z - POST /users
2025-01-22T18:38:07.148Z - GET /users
2025-01-22T18:38:07.245Z - GET /users/90a9215c-804a-46b6-86ee-ef6dc0230b5b
2025-01-22T18:38:07.449Z - PUT /users/90a9215c-804a-46b6-86ee-ef6dc0230b5b
2025-01-22T18:38:07.657Z - DELETE /users/90a9215c-804a-46b6-86ee-ef6dc0230b5b
2025-01-22T18:38:07.762Z - GET /users/90a9215c-804a-46b6-86ee-ef6dc0230b5b
2025-01-22T18:38:07.965Z - GET /users
2025-01-22T18:39:53.156Z - POST /users
2025-01-22T18:39:54.270Z - GET /users
2025-01-22T18:39:54.357Z - GET /users/f98581f3-7612-45ef-92db-9ea76b24f345
2025-01-22T18:39:54.464Z - PUT /users/f98581f3-7612-45ef-92db-9ea76b24f345
2025-01-22T18:39:54.561Z - DELETE /users/f98581f3-7612-45ef-92db-9ea76b24f345
2025-01-22T18:39:54.689Z - GET /users/f98581f3-7612-45ef-92db-9ea76b24f345
2025-01-22T18:39:54.736Z - GET /users
2025-01-22T18:40:23.933Z - POST /users
2025-01-22T18:40:23.954Z - GET /users
2025-01-22T18:40:23.961Z - GET /users/undefined
2025-01-22T18:40:23.972Z - PUT /users/undefined
2025-01-22T18:40:23.977Z - DELETE /users/undefined
2025-01-22T18:40:23.981Z - GET /users/undefined
2025-01-22T18:40:23.985Z - GET /users
2025-01-22T18:40:34.628Z - POST /users
2025-01-22T18:40:34.644Z - GET /users
2025-01-22T18:40:34.648Z - GET /users/undefined
2025-01-22T18:40:34.652Z - PUT /users/undefined
2025-01-22T18:40:34.656Z - DELETE /users/undefined
2025-01-22T18:40:34.659Z - GET /users/undefined
2025-01-22T18:40:34.664Z - GET /users
2025-01-22T18:41:32.701Z - POST /users
2025-01-22T18:41:34.005Z - GET /users
2025-01-22T18:41:34.079Z - GET /users/f0f7465d-4872-4b8e-961a-56427bc4e62b
2025-01-22T18:41:34.204Z - PUT /users/f0f7465d-4872-4b8e-961a-56427bc4e62b
2025-01-22T18:41:34.264Z - DELETE /users/f0f7465d-4872-4b8e-961a-56427bc4e62b
2025-01-22T18:41:34.403Z - GET /users/f0f7465d-4872-4b8e-961a-56427bc4e62b
2025-01-22T18:42:37.937Z - POST /users
2025-01-22T18:42:39.190Z - GET /users
2025-01-22T18:42:39.324Z - GET /users/undefined
2025-01-22T18:42:39.431Z - PUT /users/undefined
2025-01-22T18:42:39.531Z - DELETE /users/undefined
2025-01-22T18:42:39.731Z - GET /users/undefined
2025-01-22T18:42:47.492Z - POST /users
2025-01-22T18:42:48.973Z - GET /users
2025-01-22T18:42:49.155Z - GET /users/undefined
2025-01-22T18:42:49.264Z - PUT /users/undefined
2025-01-22T18:42:49.358Z - DELETE /users/undefined
2025-01-22T18:42:49.462Z - GET /users/undefined
2025-01-22T18:43:42.697Z - POST /users
2025-01-22T18:43:43.327Z - GET /users
2025-01-22T18:43:43.368Z - GET /users/f8f78ca0-aa63-4023-83c4-84b633ab21bd
2025-01-22T18:43:43.405Z - PUT /users/f8f78ca0-aa63-4023-83c4-84b633ab21bd
2025-01-22T18:43:43.483Z - DELETE /users/f8f78ca0-aa63-4023-83c4-84b633ab21bd
2025-01-22T18:43:43.576Z - GET /users/f8f78ca0-aa63-4023-83c4-84b633ab21bd
2025-01-22T18:44:08.134Z - POST /users
2025-01-22T18:44:08.149Z - GET /users
2025-01-22T18:44:08.168Z - GET /users/undefined
2025-01-22T18:44:09.239Z - PUT /users/undefined
2025-01-22T18:44:09.436Z - DELETE /users/undefined
2025-01-22T18:44:09.540Z - GET /users/undefined
2025-01-22T18:44:19.303Z - POST /users
2025-01-22T18:44:20.601Z - GET /users
2025-01-22T18:44:20.699Z - GET /users/990cda27-0bcc-4c00-a159-abc3a1847b7e
2025-01-22T18:44:20.910Z - PUT /users/990cda27-0bcc-4c00-a159-abc3a1847b7e
2025-01-22T18:44:21.115Z - DELETE /users/990cda27-0bcc-4c00-a159-abc3a1847b7e
2025-01-22T18:44:21.217Z - GET /users/990cda27-0bcc-4c00-a159-abc3a1847b7e
2025-01-22T18:45:54.675Z - POST /users
2025-01-22T18:45:55.258Z - GET /users
2025-01-22T18:45:55.313Z - GET /users
2025-01-22T18:45:55.363Z - GET /users/bdd3a9d1-3956-472d-a2d8-a3c5e806f781
2025-01-22T18:45:55.412Z - PUT /users/bdd3a9d1-3956-472d-a2d8-a3c5e806f781
2025-01-22T18:45:55.467Z - DELETE /users/bdd3a9d1-3956-472d-a2d8-a3c5e806f781
2025-01-22T18:45:55.526Z - GET /users/bdd3a9d1-3956-472d-a2d8-a3c5e806f781
2025-01-22T18:58:25.476Z - GET /users
2025-01-22T18:58:28.991Z - GET /users
2025-01-22T18:58:39.910Z - GET /users
2025-01-22T18:58:42.576Z - GET /users
2025-01-22T18:58:49.659Z - GET /users
2025-01-22T18:58:51.651Z - GET /users
2025-01-22T18:59:05.197Z - GET /users
2025-01-22T18:59:39.122Z - GET /users
2025-01-22T19:00:04.414Z - GET /users
2025-01-22T19:01:01.193Z - GET /users
2025-01-22T19:01:08.200Z - GET /users
2025-01-22T19:01:11.142Z - GET /users
2025-01-22T19:01:40.540Z - GET /users
2025-01-22T19:02:33.077Z - GET /users
2025-01-22T19:03:06.550Z - GET /users
2025-01-22T19:03:10.878Z - GET /users
2025-01-22T19:03:24.013Z - GET /users
2025-01-22T19:04:39.144Z - GET /users
2025-01-22T19:05:04.430Z - GET /users
2025-01-22T19:05:42.977Z - GET /users
2025-01-22T19:06:40.852Z - GET /users
2025-01-22T19:07:47.266Z - GET /users
2025-01-22T19:08:47.262Z - GET /users
2025-01-22T19:09:21.239Z - POST /users
2025-01-22T19:09:21.271Z - GET /users
2025-01-22T19:09:22.516Z - GET /users/undefined
2025-01-22T19:09:22.720Z - PUT /users/undefined
2025-01-22T19:09:22.791Z - DELETE /users/undefined
2025-01-22T19:09:22.929Z - GET /users/undefined
2025-01-22T19:09:31.438Z - POST /users
2025-01-22T19:09:31.465Z - GET /users
2025-01-22T19:09:31.470Z - GET /users/undefined
2025-01-22T19:09:31.475Z - PUT /users/undefined
2025-01-22T19:09:31.478Z - DELETE /users/undefined
2025-01-22T19:09:31.482Z - GET /users/undefined
2025-01-22T19:10:00.539Z - POST /users
2025-01-22T19:10:01.740Z - GET /users
2025-01-22T19:10:01.837Z - GET /users/3cc44675-1a25-4328-8966-7cdb43e7abc1
2025-01-22T19:10:01.897Z - PUT /users/3cc44675-1a25-4328-8966-7cdb43e7abc1
2025-01-22T19:10:02.036Z - DELETE /users/3cc44675-1a25-4328-8966-7cdb43e7abc1
2025-01-22T19:10:02.102Z - GET /users/3cc44675-1a25-4328-8966-7cdb43e7abc1
2025-01-22T19:11:48.202Z - POST /users
2025-01-22T19:11:49.615Z - GET /users
2025-01-22T19:11:49.708Z - GET /users
2025-01-22T19:11:49.920Z - GET /users/d175c320-6bbe-4b02-aa68-f0bb7648915a
2025-01-22T19:11:50.019Z - PUT /users/d175c320-6bbe-4b02-aa68-f0bb7648915a
2025-01-22T19:11:50.115Z - DELETE /users/d175c320-6bbe-4b02-aa68-f0bb7648915a
2025-01-22T19:11:50.426Z - GET /users/d175c320-6bbe-4b02-aa68-f0bb7648915a
2025-01-22T19:14:05.313Z - POST /users
2025-01-22T19:14:06.321Z - GET /users
2025-01-22T19:14:06.373Z - GET /users
2025-01-22T19:14:06.527Z - GET /users/ca8f2765-0cdf-4834-9a2d-7ca7863db845
2025-01-22T19:14:06.622Z - PUT /users/ca8f2765-0cdf-4834-9a2d-7ca7863db845
2025-01-22T19:14:06.719Z - DELETE /users/ca8f2765-0cdf-4834-9a2d-7ca7863db845
2025-01-22T19:14:06.823Z - GET /users/ca8f2765-0cdf-4834-9a2d-7ca7863db845
2025-01-22T19:16:30.831Z - POST /users
2025-01-22T19:16:32.318Z - GET /users
2025-01-22T19:16:32.435Z - GET /users
2025-01-22T19:16:32.494Z - GET /users/1c1a45cb-9ec0-40db-aa10-a8dc8df949a6
2025-01-22T19:16:32.640Z - PUT /users/1c1a45cb-9ec0-40db-aa10-a8dc8df949a6
2025-01-22T19:16:32.742Z - DELETE /users/1c1a45cb-9ec0-40db-aa10-a8dc8df949a6
2025-01-22T19:16:32.846Z - GET /users/1c1a45cb-9ec0-40db-aa10-a8dc8df949a6
2025-01-22T19:18:27.359Z - POST /users
2025-01-22T19:18:27.378Z - GET /users
2025-01-22T19:18:27.385Z - GET /users
2025-01-22T19:18:27.389Z - GET /users/undefined
2025-01-22T19:18:27.394Z - PUT /users/undefined
2025-01-22T19:18:27.398Z - DELETE /users/undefined
2025-01-22T19:18:27.402Z - GET /users/undefined
2025-01-22T19:18:36.957Z - POST /users
2025-01-22T19:18:38.805Z - GET /users
2025-01-22T19:18:38.866Z - GET /users
2025-01-22T19:18:38.939Z - GET /users/6e6d3b03-e910-49cf-ae7d-7eec3749b757
2025-01-22T19:18:38.995Z - PUT /users/6e6d3b03-e910-49cf-ae7d-7eec3749b757
2025-01-22T19:18:39.101Z - DELETE /users/6e6d3b03-e910-49cf-ae7d-7eec3749b757
2025-01-22T19:18:39.202Z - GET /users/6e6d3b03-e910-49cf-ae7d-7eec3749b757
2025-01-22T19:27:43.786Z - POST /users
2025-01-22T19:27:43.806Z - GET /users
2025-01-22T19:27:43.812Z - GET /users
2025-01-22T19:27:43.835Z - GET /users/undefined
2025-01-22T19:27:45.104Z - PUT /users/undefined
2025-01-22T19:27:45.175Z - DELETE /users/undefined
2025-01-22T19:27:45.305Z - GET /users/undefined
2025-01-22T19:27:57.416Z - POST /users
2025-01-22T19:27:58.573Z - GET /users
2025-01-22T19:27:58.726Z - GET /users
2025-01-22T19:27:58.854Z - GET /users/cb84c03c-e53d-4059-961b-28df0861ffe3
2025-01-22T19:27:58.911Z - PUT /users/cb84c03c-e53d-4059-961b-28df0861ffe3
2025-01-22T19:27:58.972Z - DELETE /users/cb84c03c-e53d-4059-961b-28df0861ffe3
2025-01-22T19:27:59.036Z - GET /users/cb84c03c-e53d-4059-961b-28df0861ffe3
2025-01-22T19:28:25.055Z - POST /users
2025-01-22T19:28:26.492Z - GET /users
2025-01-22T19:28:26.593Z - GET /users/c072fdd0-df26-4052-990d-c2c2913cbbc2
2025-01-22T19:28:26.686Z - PUT /users/c072fdd0-df26-4052-990d-c2c2913cbbc2
2025-01-22T19:28:26.887Z - DELETE /users/c072fdd0-df26-4052-990d-c2c2913cbbc2
2025-01-22T19:28:26.990Z - GET /users/c072fdd0-df26-4052-990d-c2c2913cbbc2
